Info: Starting: Create block symbol file (.bsf)
Info: qsys-generate C:\SYCY\lab3\lab3\cpu.qsys --block-symbol-file --output-directory=C:\SYCY\lab3\lab3\cpu --family="Cyclone IV E" --part=EP4CE115F29C7
Progress: Loading lab3/cpu.qsys
Progress: Reading input file
Progress: Adding clk_0 [clock_source 19.1]
Progress: Parameterizing module clk_0
Progress: Adding gcd_0 [gcd 1.0]
Progress: Parameterizing module gcd_0
Progress: Adding jtag_uart_0 [altera_avalon_jtag_uart 19.1]
Progress: Parameterizing module jtag_uart_0
Progress: Adding multiplication_0 [multiplication 1.0]
Progress: Parameterizing module multiplication_0
Progress: Adding nios2_gen2_0 [altera_nios2_gen2 19.1]
Progress: Parameterizing module nios2_gen2_0
Progress: Adding onchip_memory2_0 [altera_avalon_onchip_memory2 19.1]
Progress: Parameterizing module onchip_memory2_0
Progress: Adding performance_counter_0 [altera_avalon_performance_counter 19.1]
Progress: Parameterizing module performance_counter_0
Progress: Adding pio_0 [altera_avalon_pio 19.1]
Progress: Parameterizing module pio_0
Progress: Adding pio_1 [altera_avalon_pio 19.1]
Progress: Parameterizing module pio_1
Progress: Building connections
Progress: Parameterizing connections
Progress: Validating
Progress: Done reading input file
Info: cpu.jtag_uart_0: JTAG UART IP input clock need to be at least double (2x) the operating frequency of JTAG TCK on board
Info: cpu.pio_0: PIO inputs are not hardwired in test bench. Undefined values will be read from PIO inputs during simulation.
Info: qsys-generate succeeded.
Info: Finished: Create block symbol file (.bsf)
Info: 
Info: Starting: Create HDL design files for synthesis
Info: qsys-generate C:\SYCY\lab3\lab3\cpu.qsys --synthesis=VERILOG --output-directory=C:\SYCY\lab3\lab3\cpu\synthesis --family="Cyclone IV E" --part=EP4CE115F29C7
Progress: Loading lab3/cpu.qsys
Progress: Reading input file
Progress: Adding clk_0 [clock_source 19.1]
Progress: Parameterizing module clk_0
Progress: Adding gcd_0 [gcd 1.0]
Progress: Parameterizing module gcd_0
Progress: Adding jtag_uart_0 [altera_avalon_jtag_uart 19.1]
Progress: Parameterizing module jtag_uart_0
Progress: Adding multiplication_0 [multiplication 1.0]
Progress: Parameterizing module multiplication_0
Progress: Adding nios2_gen2_0 [altera_nios2_gen2 19.1]
Progress: Parameterizing module nios2_gen2_0
Progress: Adding onchip_memory2_0 [altera_avalon_onchip_memory2 19.1]
Progress: Parameterizing module onchip_memory2_0
Progress: Adding performance_counter_0 [altera_avalon_performance_counter 19.1]
Progress: Parameterizing module performance_counter_0
Progress: Adding pio_0 [altera_avalon_pio 19.1]
Progress: Parameterizing module pio_0
Progress: Adding pio_1 [altera_avalon_pio 19.1]
Progress: Parameterizing module pio_1
Progress: Building connections
Progress: Parameterizing connections
Progress: Validating
Progress: Done reading input file
Info: cpu.jtag_uart_0: JTAG UART IP input clock need to be at least double (2x) the operating frequency of JTAG TCK on board
Info: cpu.pio_0: PIO inputs are not hardwired in test bench. Undefined values will be read from PIO inputs during simulation.
Info: cpu: Generating cpu "cpu" for QUARTUS_SYNTH
Warning: cpu: "No matching role found for nios2_gen2_0_custom_instruction_master_multi_xconnect:ci_slave:ci_slave_ipending (ipending)"
Warning: cpu: "No matching role found for nios2_gen2_0_custom_instruction_master_multi_xconnect:ci_slave:ci_slave_estatus (estatus)"
Info: gcd_0: "cpu" instantiated gcd "gcd_0"
Info: jtag_uart_0: Starting RTL generation for module 'cpu_jtag_uart_0'
Info: jtag_uart_0:   Generation command is [exec C:/intelfpga_lite/19.1/quartus/bin64/perl/bin/perl.exe -I C:/intelfpga_lite/19.1/quartus/sopc_builder/bin/europa -I C:/intelfpga_lite/19.1/quartus/sopc_builder/bin -I C:/intelfpga_lite/19.1/quartus/../ip/altera/sopc_builder_ip/common -I C:/intelfpga_lite/19.1/quartus/../ip/altera/sopc_builder_ip/altera_avalon_jtag_uart -- C:/intelfpga_lite/19.1/quartus/../ip/altera/sopc_builder_ip/altera_avalon_jtag_uart/generate_rtl.pl --name=cpu_jtag_uart_0 --dir=C:/Users/Kaz/AppData/Local/Temp/alt8412_4421779824488570151.dir/0004_jtag_uart_0_gen/ --quartus_dir=C:/intelfpga_lite/19.1/quartus --verilog --config=C:/Users/Kaz/AppData/Local/Temp/alt8412_4421779824488570151.dir/0004_jtag_uart_0_gen//cpu_jtag_uart_0_component_configuration.pl  --do_build_sim=0  ]
Info: jtag_uart_0: Done RTL generation for module 'cpu_jtag_uart_0'
Info: jtag_uart_0: "cpu" instantiated altera_avalon_jtag_uart "jtag_uart_0"
Info: multiplication_0: "cpu" instantiated multiplication "multiplication_0"
Info: nios2_gen2_0: "cpu" instantiated altera_nios2_gen2 "nios2_gen2_0"
Info: onchip_memory2_0: Starting RTL generation for module 'cpu_onchip_memory2_0'
Info: onchip_memory2_0:   Generation command is [exec C:/intelfpga_lite/19.1/quartus/bin64/perl/bin/perl.exe -I C:/intelfpga_lite/19.1/quartus/sopc_builder/bin/europa -I C:/intelfpga_lite/19.1/quartus/sopc_builder/bin -I C:/intelfpga_lite/19.1/quartus/../ip/altera/sopc_builder_ip/common -I C:/intelfpga_lite/19.1/quartus/../ip/altera/sopc_builder_ip/altera_avalon_onchip_memory2 -- C:/intelfpga_lite/19.1/quartus/../ip/altera/sopc_builder_ip/altera_avalon_onchip_memory2/generate_rtl.pl --name=cpu_onchip_memory2_0 --dir=C:/Users/Kaz/AppData/Local/Temp/alt8412_4421779824488570151.dir/0006_onchip_memory2_0_gen/ --quartus_dir=C:/intelfpga_lite/19.1/quartus --verilog --config=C:/Users/Kaz/AppData/Local/Temp/alt8412_4421779824488570151.dir/0006_onchip_memory2_0_gen//cpu_onchip_memory2_0_component_configuration.pl  --do_build_sim=0  ]
Info: onchip_memory2_0: Done RTL generation for module 'cpu_onchip_memory2_0'
Info: onchip_memory2_0: "cpu" instantiated altera_avalon_onchip_memory2 "onchip_memory2_0"
Info: performance_counter_0: Starting RTL generation for module 'cpu_performance_counter_0'
Info: performance_counter_0:   Generation command is [exec C:/intelfpga_lite/19.1/quartus/bin64/perl/bin/perl.exe -I C:/intelfpga_lite/19.1/quartus/sopc_builder/bin/europa -I C:/intelfpga_lite/19.1/quartus/sopc_builder/bin -I C:/intelfpga_lite/19.1/quartus/../ip/altera/sopc_builder_ip/common -I C:/intelfpga_lite/19.1/quartus/../ip/altera/sopc_builder_ip/altera_avalon_performance_counter -- C:/intelfpga_lite/19.1/quartus/../ip/altera/sopc_builder_ip/altera_avalon_performance_counter/generate_rtl.pl --name=cpu_performance_counter_0 --dir=C:/Users/Kaz/AppData/Local/Temp/alt8412_4421779824488570151.dir/0007_performance_counter_0_gen/ --quartus_dir=C:/intelfpga_lite/19.1/quartus --verilog --config=C:/Users/Kaz/AppData/Local/Temp/alt8412_4421779824488570151.dir/0007_performance_counter_0_gen//cpu_performance_counter_0_component_configuration.pl  --do_build_sim=0  ]
Info: performance_counter_0: Done RTL generation for module 'cpu_performance_counter_0'
Info: performance_counter_0: "cpu" instantiated altera_avalon_performance_counter "performance_counter_0"
Info: pio_0: Starting RTL generation for module 'cpu_pio_0'
Info: pio_0:   Generation command is [exec C:/intelfpga_lite/19.1/quartus/bin64/perl/bin/perl.exe -I C:/intelfpga_lite/19.1/quartus/sopc_builder/bin/europa -I C:/intelfpga_lite/19.1/quartus/sopc_builder/bin -I C:/intelfpga_lite/19.1/quartus/../ip/altera/sopc_builder_ip/common -I C:/intelfpga_lite/19.1/quartus/../ip/altera/sopc_builder_ip/altera_avalon_pio -- C:/intelfpga_lite/19.1/quartus/../ip/altera/sopc_builder_ip/altera_avalon_pio/generate_rtl.pl --name=cpu_pio_0 --dir=C:/Users/Kaz/AppData/Local/Temp/alt8412_4421779824488570151.dir/0008_pio_0_gen/ --quartus_dir=C:/intelfpga_lite/19.1/quartus --verilog --config=C:/Users/Kaz/AppData/Local/Temp/alt8412_4421779824488570151.dir/0008_pio_0_gen//cpu_pio_0_component_configuration.pl  --do_build_sim=0  ]
Info: pio_0: Done RTL generation for module 'cpu_pio_0'
Info: pio_0: "cpu" instantiated altera_avalon_pio "pio_0"
Info: pio_1: Starting RTL generation for module 'cpu_pio_1'
Info: pio_1:   Generation command is [exec C:/intelfpga_lite/19.1/quartus/bin64/perl/bin/perl.exe -I C:/intelfpga_lite/19.1/quartus/sopc_builder/bin/europa -I C:/intelfpga_lite/19.1/quartus/sopc_builder/bin -I C:/intelfpga_lite/19.1/quartus/../ip/altera/sopc_builder_ip/common -I C:/intelfpga_lite/19.1/quartus/../ip/altera/sopc_builder_ip/altera_avalon_pio -- C:/intelfpga_lite/19.1/quartus/../ip/altera/sopc_builder_ip/altera_avalon_pio/generate_rtl.pl --name=cpu_pio_1 --dir=C:/Users/Kaz/AppData/Local/Temp/alt8412_4421779824488570151.dir/0009_pio_1_gen/ --quartus_dir=C:/intelfpga_lite/19.1/quartus --verilog --config=C:/Users/Kaz/AppData/Local/Temp/alt8412_4421779824488570151.dir/0009_pio_1_gen//cpu_pio_1_component_configuration.pl  --do_build_sim=0  ]
Info: pio_1: Done RTL generation for module 'cpu_pio_1'
Info: pio_1: "cpu" instantiated altera_avalon_pio "pio_1"
Info: nios2_gen2_0_custom_instruction_master_translator: "cpu" instantiated altera_customins_master_translator "nios2_gen2_0_custom_instruction_master_translator"
Info: nios2_gen2_0_custom_instruction_master_multi_xconnect: "cpu" instantiated altera_customins_xconnect "nios2_gen2_0_custom_instruction_master_multi_xconnect"
Info: nios2_gen2_0_custom_instruction_master_multi_slave_translator0: "cpu" instantiated altera_customins_slave_translator "nios2_gen2_0_custom_instruction_master_multi_slave_translator0"
Info: avalon_st_adapter: Inserting error_adapter: error_adapter_0
Info: avalon_st_adapter_001: Inserting error_adapter: error_adapter_0
Info: avalon_st_adapter_002: Inserting error_adapter: error_adapter_0
Info: avalon_st_adapter_003: Inserting error_adapter: error_adapter_0
Info: avalon_st_adapter_004: Inserting error_adapter: error_adapter_0
Info: avalon_st_adapter_005: Inserting error_adapter: error_adapter_0
Info: mm_interconnect_0: "cpu" instantiated altera_mm_interconnect "mm_interconnect_0"
Info: irq_mapper: "cpu" instantiated altera_irq_mapper "irq_mapper"
Info: rst_controller: "cpu" instantiated altera_reset_controller "rst_controller"
Info: cpu: Starting RTL generation for module 'cpu_nios2_gen2_0_cpu'
Info: cpu:   Generation command is [exec C:/intelFPGA_lite/19.1/quartus/bin64//perl/bin/perl.exe -I C:/intelfpga_lite/19.1/quartus/sopc_builder/bin/europa -I C:/intelfpga_lite/19.1/quartus/sopc_builder/bin -I C:/intelfpga_lite/19.1/quartus/../ip/altera/nios2_ip/altera_nios2_gen2/cpu_lib -I C:/intelfpga_lite/19.1/quartus/../ip/altera/nios2_ip/altera_nios2_gen2/nios_lib -I C:/intelfpga_lite/19.1/quartus/../ip/altera/nios2_ip/altera_nios2_gen2 -I C:/intelfpga_lite/19.1/quartus/../ip/altera/nios2_ip/altera_nios2_gen2 -- C:/intelfpga_lite/19.1/quartus/../ip/altera/nios2_ip/altera_nios2_gen2/generate_rtl.pl --name=cpu_nios2_gen2_0_cpu --dir=C:/Users/Kaz/AppData/Local/Temp/alt8412_4421779824488570151.dir/0015_cpu_gen/ --quartus_bindir=C:/intelFPGA_lite/19.1/quartus/bin64/ --verilog --config=C:/Users/Kaz/AppData/Local/Temp/alt8412_4421779824488570151.dir/0015_cpu_gen//cpu_nios2_gen2_0_cpu_processor_configuration.pl  --do_build_sim=0  ]
Info: cpu: # 2020.05.30 12:38:07 (*) Starting Nios II generation
Info: cpu: # 2020.05.30 12:38:07 (*)   Elaborating CPU configuration settings
Info: cpu: # 2020.05.30 12:38:07 (*)   Creating all objects for CPU
Info: cpu: # 2020.05.30 12:38:09 (*)   Generating RTL from CPU objects
Info: cpu: # 2020.05.30 12:38:09 (*)   Creating plain-text RTL
Info: cpu: # 2020.05.30 12:38:09 (*) Done Nios II generation
Info: cpu: Done RTL generation for module 'cpu_nios2_gen2_0_cpu'
Info: cpu: "nios2_gen2_0" instantiated altera_nios2_gen2_unit "cpu"
Info: nios2_gen2_0_data_master_translator: "mm_interconnect_0" instantiated altera_merlin_master_translator "nios2_gen2_0_data_master_translator"
Info: jtag_uart_0_avalon_jtag_slave_translator: "mm_interconnect_0" instantiated altera_merlin_slave_translator "jtag_uart_0_avalon_jtag_slave_translator"
Info: nios2_gen2_0_data_master_agent: "mm_interconnect_0" instantiated altera_merlin_master_agent "nios2_gen2_0_data_master_agent"
Info: jtag_uart_0_avalon_jtag_slave_agent: "mm_interconnect_0" instantiated altera_merlin_slave_agent "jtag_uart_0_avalon_jtag_slave_agent"
Info: jtag_uart_0_avalon_jtag_slave_agent_rsp_fifo: "mm_interconnect_0" instantiated altera_avalon_sc_fifo "jtag_uart_0_avalon_jtag_slave_agent_rsp_fifo"
Info: router: "mm_interconnect_0" instantiated altera_merlin_router "router"
Info: router_001: "mm_interconnect_0" instantiated altera_merlin_router "router_001"
Info: router_002: "mm_interconnect_0" instantiated altera_merlin_router "router_002"
Info: router_004: "mm_interconnect_0" instantiated altera_merlin_router "router_004"
Info: cmd_demux: "mm_interconnect_0" instantiated altera_merlin_demultiplexer "cmd_demux"
Info: cmd_demux_001: "mm_interconnect_0" instantiated altera_merlin_demultiplexer "cmd_demux_001"
Info: cmd_mux: "mm_interconnect_0" instantiated altera_merlin_multiplexer "cmd_mux"
Info: cmd_mux_002: "mm_interconnect_0" instantiated altera_merlin_multiplexer "cmd_mux_002"
Info: Reusing file C:/SYCY/lab3/lab3/cpu/synthesis/submodules/altera_merlin_arbitrator.sv
Info: rsp_demux: "mm_interconnect_0" instantiated altera_merlin_demultiplexer "rsp_demux"
Info: rsp_mux: "mm_interconnect_0" instantiated altera_merlin_multiplexer "rsp_mux"
Info: Reusing file C:/SYCY/lab3/lab3/cpu/synthesis/submodules/altera_merlin_arbitrator.sv
Info: rsp_mux_001: "mm_interconnect_0" instantiated altera_merlin_multiplexer "rsp_mux_001"
Info: Reusing file C:/SYCY/lab3/lab3/cpu/synthesis/submodules/altera_merlin_arbitrator.sv
Info: avalon_st_adapter: "mm_interconnect_0" instantiated altera_avalon_st_adapter "avalon_st_adapter"
Info: error_adapter_0: "avalon_st_adapter" instantiated error_adapter "error_adapter_0"
Info: cpu: Done "cpu" with 34 modules, 47 files
Info: qsys-generate succeeded.
Info: Finished: Create HDL design files for synthesis
