14:20:56 **** Incremental Build of configuration Nios II for project hulk_finder ****
wsl make all 
Info: Building /mnt/c/Users/Kaz/Desktop/sycy_projekt/software/hulk_finder_bsp/
make --no-print-directory -C /mnt/c/Users/Kaz/Desktop/sycy_projekt/software/hulk_finder_bsp/
[BSP build complete]
Info: Compiling hello_world_small.c to obj/default/hello_world_small.o
nios2-elf-gcc.exe -xc -MP -MMD -c -IC:/Users/Kaz/Desktop/sycy_projekt/software/hulk_finder_bsp/HAL/inc -IC:/Users/Kaz/Desktop/sycy_projekt/software/hulk_finder_bsp/ -IC:/Users/Kaz/Desktop/sycy_projekt/software/hulk_finder_bsp/drivers/inc  -pipe -D__hal__ -DALT_NO_C_PLUS_PLUS -DALT_NO_CLEAN_EXIT -D'exit(a)=_exit(a)' -DALT_NO_EXIT -DALT_USE_DIRECT_DRIVERS -DALT_NO_INSTRUCTION_EMULATION -DALT_USE_SMALL_DRIVERS -DSMALL_C_LIB -DALT_SINGLE_THREADED    -Os -g -Wall   -mno-hw-div -mno-hw-mul -mno-hw-mulx -mgpopt=global  -o obj/default/hello_world_small.o hello_world_small.c
hello_world_small.c: In function 'fiveBitToAsciiDecoder':
hello_world_small.c:16:19: warning: array subscript has type 'char' [-Wchar-subscripts]
  return asciiTable[num];
                   ^
In file included from hello_world_small.c:2:
hello_world_small.c: In function 'main':
C:/Users/Kaz/Desktop/sycy_projekt/software/hulk_finder_bsp/system.h:253:36: warning: passing argument 1 of 'perf_get_section_time' makes pointer from integer without a cast [-Wint-conversion]
 #define PERFORMANCE_COUNTER_0_BASE 0x21000
                                    ^~~~~~~
hello_world_small.c:72:34: note: in expansion of macro 'PERFORMANCE_COUNTER_0_BASE'
     time = perf_get_section_time(PERFORMANCE_COUNTER_0_BASE,1); //
                                  ^~~~~~~~~~~~~~~~~~~~~~~~~~
In file included from hello_world_small.c:4:
C:/Users/Kaz/Desktop/sycy_projekt/software/hulk_finder_bsp/drivers/inc/altera_avalon_performance_counter.h:226:38: note: expected 'void *' but argument is of type 'int'
 alt_u64 perf_get_section_time (void* hw_base_address, int which_section);
                                ~~~~~~^~~~~~~~~~~~~~~
hello_world_small.c:73:31: warning: format '%ld' expects argument of type 'long int', but argument 2 has type 'alt_u64' {aka 'long long unsigned int'} [-Wformat=]
     printf("\nTotal cycles: %ld\n", time);
                             ~~^     ~~~~
                             %lld
Info: Linking hulk_finder.elf
nios2-elf-g++.exe  -T'C:/Users/Kaz/Desktop/sycy_projekt/software/hulk_finder_bsp/linker.x' -msys-crt0='C:/Users/Kaz/Desktop/sycy_projekt/software/hulk_finder_bsp/obj/HAL/src/crt0.o' -msys-lib=hal_bsp -LC:/Users/Kaz/Desktop/sycy_projekt/software/hulk_finder_bsp/  -msmallc  -Wl,-Map=hulk_finder.map   -Os -g -Wall   -mno-hw-div -mno-hw-mul -mno-hw-mulx -mgpopt=global  -o hulk_finder.elf obj/default/hello_world_small.o -lm -msys-lib=m
nios2-elf-insert.exe hulk_finder.elf --thread_model hal --cpu_name nios2_gen2_0 --qsys true --simulation_enabled false --stderr_dev jtag_uart_0 --stdin_dev jtag_uart_0 --stdout_dev jtag_uart_0 --sopc_system_name cpu --quartus_project_dir "C:/Users/Kaz/Desktop/sycy_projekt" --jdi ../..//output_files/sycy_projekt.jdi
Unable to determine program-size.
Info: Creating hulk_finder.objdump
nios2-elf-objdump.exe --disassemble --syms --all-header --source hulk_finder.elf >hulk_finder.objdump
[hulk_finder build complete]

14:20:58 Build Finished (took 1s.973ms)

